C51 COMPILER V9.50a   SIMPLE                                                               01/22/2025 09:31:22 PAGE 1   


C51 COMPILER V9.50a, COMPILATION OF MODULE SIMPLE
OBJECT MODULE PLACED IN simple.OBJ
COMPILER INVOKED BY: C:\Keil\C51\BIN\C51.EXE simple.c BROWSE DEBUG OBJECTEXTEND TABS(2)

line level    source

   1          #include <reg51.h>
   2          sbit ONE = P2^0;
   3          sbit TWO = P2^1;
   4          sbit THREE = P2^2;
   5          sbit FOUR = P2^3;
   6          void delay(unsigned int ms) {
   7   1          unsigned int i, j;
   8   1          for (i = 0; i < ms; i++) {
   9   2              for (j = 0; j < 1275; j++);
  10   2          }
  11   1      }// Simple delay
  12          
  13          void main() {
  14   1      unsigned char digits[] = {
  15   1          0x3F, // 0
  16   1          0x06, // 1
  17   1          0x5B, // 2
  18   1          0x4F, // 3
  19   1          0x66, // 4
  20   1          0x6D, // 5
  21   1          0x7D, // 6
  22   1          0x07, // 7
  23   1          0x7F, // 8
  24   1          0x6F// 9
  25   1        };
  26   1      unsigned char rolls[] = {3,4,5,6,7};
  27   1      unsigned char N = 5; // Assume N is 10 (can be set dynamically)
  28   1      unsigned char i;
  29   1      P2 = 0;
  30   1      ONE = 1;
  31   1      TWO = 1;
  32   1      
  33   1      while (1) {
  34   2      for (i = 0; i < N; i++) {
  35   3      P0 = digits[rolls[i]/1000];
  36   3      ONE = 1;
  37   3      TWO = 0;
  38   3      THREE = 0;
  39   3      FOUR = 0;
  40   3      delay(10);
  41   3      P0 = digits[rolls[i]/100];
  42   3      ONE = 0;
  43   3      TWO = 1;
  44   3      THREE = 0;
  45   3      FOUR = 0;
  46   3      delay(10);
  47   3      P0 = digits[rolls[i]/10];
  48   3      ONE = 0;
  49   3      TWO = 0;
  50   3      THREE = 1;
  51   3      FOUR = 0;
  52   3      delay(10);
  53   3      P0 = digits[rolls[i]%10];
  54   3      ONE = 0;
  55   3      TWO = 0;
C51 COMPILER V9.50a   SIMPLE                                                               01/22/2025 09:31:22 PAGE 2   

  56   3      THREE = 0;
  57   3      FOUR = 1;
  58   3      delay(30);
  59   3      }
  60   2      }
  61   1      }


MODULE INFORMATION:   STATIC OVERLAYABLE
   CODE SIZE        =    222    ----
   CONSTANT SIZE    =     15    ----
   XDATA SIZE       =   ----    ----
   PDATA SIZE       =   ----    ----
   DATA SIZE        =   ----      17
   IDATA SIZE       =   ----    ----
   BIT SIZE         =   ----    ----
END OF MODULE INFORMATION.


C51 COMPILATION COMPLETE.  0 WARNING(S),  0 ERROR(S)
