C51 COMPILER V9.50a   SIMPLE                                                               01/22/2025 09:01:07 PAGE 1   


C51 COMPILER V9.50a, COMPILATION OF MODULE SIMPLE
OBJECT MODULE PLACED IN simple.OBJ
COMPILER INVOKED BY: C:\Keil\C51\BIN\C51.EXE simple.c BROWSE DEBUG OBJECTEXTEND TABS(2)

line level    source

   1          #include <reg51.h>
   2          sbit ONE = P2^1;
   3          sbit TWO = P2^0;
   4          void delay() {
   5   1      unsigned int i;
   6   1      for (i = 0; i < 30000; i++); // Simple delay
   7   1      }
   8          void main() {
   9   1      unsigned char digits[] = {0x3F, 0x06, 0x5B, 0x4F, 0x66, 0x6D, 0x7D, 0x07, 0x7F, 0x6F};
  10   1      unsigned char i, j;
  11   1      P2 = 0;
  12   1      ONE = 0;
  13   1      TWO = 0;
  14   1      while (1) {
  15   2      for (i = 0; i <= 2; i++) {
  16   3      for (j = 0; j < 10; j++) {
  17   4      if (i == 2 && j == 1) break;
  18   4      P0 = digits[j];
  19   4      TWO =0;
  20   4      ONE = 1;
  21   4        
  22   4      delay();
  23   4      ONE = 0;
  24   4      TWO = 1;
  25   4      P0 = digits[i];
  26   4      delay();
  27   4      }
  28   3      }
  29   2      }
  30   1      }


MODULE INFORMATION:   STATIC OVERLAYABLE
   CODE SIZE        =     91    ----
   CONSTANT SIZE    =     10    ----
   XDATA SIZE       =   ----    ----
   PDATA SIZE       =   ----    ----
   DATA SIZE        =   ----      10
   IDATA SIZE       =   ----    ----
   BIT SIZE         =   ----    ----
END OF MODULE INFORMATION.


C51 COMPILATION COMPLETE.  0 WARNING(S),  0 ERROR(S)
