C51 COMPILER V9.50a   UART_INTERFACING                                                     01/24/2025 02:26:02 PAGE 1   


C51 COMPILER V9.50a, COMPILATION OF MODULE UART_INTERFACING
OBJECT MODULE PLACED IN uart_interfacing.OBJ
COMPILER INVOKED BY: C:\Keil\C51\BIN\C51.EXE uart_interfacing.c TABS(2)

line level    source

   1          #include <reg51.h>
   2          
   3          
   4          void init(){
   5   1        TMOD = 0x20;
   6   1        TH1 = 0xFD;
   7   1        SCON = 0x50;
   8   1        TR1 = 1;    
   9   1      }
  10          
  11          void transmitData(unsigned char*d){
  12   1        unsigned char i=0;
  13   1        while(d[i]!='\0'){
  14   2          SBUF=d[i];
  15   2          while(TI == 0);
  16   2          TI=0;
  17   2          i++;
  18   2      }
  19   1      TR1 =0;
  20   1      }
  21          
  22          
  23          void main() {
  24   1      init();
  25   1      transmitData("Hello World");
  26   1      while(1);
  27   1      }


MODULE INFORMATION:   STATIC OVERLAYABLE
   CODE SIZE        =     63    ----
   CONSTANT SIZE    =     12    ----
   XDATA SIZE       =   ----    ----
   PDATA SIZE       =   ----    ----
   DATA SIZE        =   ----       3
   IDATA SIZE       =   ----    ----
   BIT SIZE         =   ----    ----
END OF MODULE INFORMATION.


C51 COMPILATION COMPLETE.  0 WARNING(S),  0 ERROR(S)
