C51 COMPILER V9.50a   SIMPLE                                                               01/22/2025 08:40:42 PAGE 1   


C51 COMPILER V9.50a, COMPILATION OF MODULE SIMPLE
OBJECT MODULE PLACED IN simple.OBJ
COMPILER INVOKED BY: C:\Keil\C51\BIN\C51.EXE simple.c BROWSE DEBUG OBJECTEXTEND TABS(2)

line level    source

   1          #include <reg51.h>
   2          void delay(unsigned int ms) {
   3   1          unsigned int i, j;
   4   1          for (i = 0; i < ms; i++) {
   5   2              for (j = 0; j < 1275; j++);
   6   2          }
   7   1      }// Simple delay
   8          
   9          sbit ON = P2^1;
  10          
  11          
  12          void main() {
  13   1      unsigned char digits[] = {0x3F, 0x06, 0x5B, 0x4F, 0x66, 0x6D, 0x7D, 0x07, 0x7F, 0x6F};
  14   1      unsigned char i;
  15   1      P2=0;
  16   1      ON = 1;
  17   1      
  18   1      while (1) {
  19   2      for (i = 0; i < 10; i++) {
  20   3      P0 = digits[i];
  21   3      delay(500);
  22   3      }
  23   2      }
  24   1      }


MODULE INFORMATION:   STATIC OVERLAYABLE
   CODE SIZE        =     78    ----
   CONSTANT SIZE    =     10    ----
   XDATA SIZE       =   ----    ----
   PDATA SIZE       =   ----    ----
   DATA SIZE        =   ----      10
   IDATA SIZE       =   ----    ----
   BIT SIZE         =   ----    ----
END OF MODULE INFORMATION.


C51 COMPILATION COMPLETE.  0 WARNING(S),  0 ERROR(S)
