C51 COMPILER V9.50a   SIMPLE                                                               01/22/2025 09:10:15 PAGE 1   


C51 COMPILER V9.50a, COMPILATION OF MODULE SIMPLE
OBJECT MODULE PLACED IN simple.OBJ
COMPILER INVOKED BY: C:\Keil\C51\BIN\C51.EXE simple.c BROWSE DEBUG OBJECTEXTEND TABS(2)

line level    source

   1          #include <reg51.h>
   2          sbit ONE = P2^0;
   3          sbit TWO = P2^1;
   4          void delay(unsigned int ms) {
   5   1          unsigned int i, j;
   6   1          for (i = 0; i < ms; i++) {
   7   2              for (j = 0; j < 1275; j++);
   8   2          }
   9   1      }// Simple delay
  10          void main() {
  11   1      unsigned char fib[10] = {0, 1, 1, 2, 3, 5, 8, 13, 21, 34};
  12   1      unsigned char digits[] = {0x3F, 0x06, 0x5B, 0x4F, 0x66, 0x6D, 0x7D, 0x07, 0x7F, 0x6F};
  13   1      unsigned char N = 10; // Assume N is 10 (can be set dynamically)
  14   1      unsigned char i;
  15   1      P2 = 0;
  16   1      ONE = 1;
  17   1      TWO = 1;
  18   1      while (1) {
  19   2      for (i = 0; i < N; i++) {
  20   3      P0 = digits[fib[i]/10];
  21   3      ONE = 1;
  22   3      TWO = 0;
  23   3      delay(10);
  24   3      P0 = digits[fib[i]%10];
  25   3      ONE = 0;
  26   3      TWO = 1;
  27   3      delay(10);
  28   3      }
  29   2      }
  30   1      }


MODULE INFORMATION:   STATIC OVERLAYABLE
   CODE SIZE        =    143    ----
   CONSTANT SIZE    =     20    ----
   XDATA SIZE       =   ----    ----
   PDATA SIZE       =   ----    ----
   DATA SIZE        =   ----      21
   IDATA SIZE       =   ----    ----
   BIT SIZE         =   ----    ----
END OF MODULE INFORMATION.


C51 COMPILATION COMPLETE.  0 WARNING(S),  0 ERROR(S)
